# JRE version: Java(TM) SE Runtime Environment (8.0_51-b16) (build 1.8.0_51-b16)
# Java VM: Java HotSpot(TM) 64-Bit Server VM (25.51-b03 mixed mode linux-amd64 compressed oops)
Heap:
 PSYoungGen      total 290816K, used 53995K [0x000000076f900000, 0x0000000793200000, 0x00000007c0000000)
  eden space 247808K, 21% used [0x000000076f900000,0x0000000772dbac40,0x000000077eb00000)
  from space 43008K, 0% used [0x000000077eb00000,0x000000077eb00000,0x0000000781500000)
  to   space 43520K, 0% used [0x0000000790780000,0x0000000790780000,0x0000000793200000)
 ParOldGen       total 144384K, used 33967K [0x00000006cea00000, 0x00000006d7700000, 0x000000076f900000)
  object space 144384K, 23% used [0x00000006cea00000,0x00000006d0b2bed8,0x00000006d7700000)
 Metaspace       used 28189K, capacity 30261K, committed 30384K, reserved 1075200K
  class space    used 3354K, capacity 4004K, committed 4016K, reserved 1048576K
GC Heap History (10 events):
Event: 3,067 GC heap before
{Heap before GC invocations=4 (full 0):
 PSYoungGen      total 72192K, used 72167K [0x000000076f900000, 0x0000000778600000, 0x00000007c0000000)
  eden space 61952K, 100% used [0x000000076f900000,0x0000000773580000,0x0000000773580000)
  from space 10240K, 99% used [0x0000000773580000,0x0000000773f79dc8,0x0000000773f80000)
  to   space 10240K, 0% used [0x0000000777c00000,0x0000000777c00000,0x0000000778600000)
 ParOldGen       total 165376K, used 14805K [0x00000006cea00000, 0x00000006d8b80000, 0x000000076f900000)
  object space 165376K, 8% used [0x00000006cea00000,0x00000006cf875518,0x00000006d8b80000)
 Metaspace       used 9117K, capacity 9234K, committed 9472K, reserved 1058816K
  class space    used 906K, capacity 928K, committed 1024K, reserved 1048576K
Event: 3,121 GC heap after
Heap after GC invocations=4 (full 0):
 PSYoungGen      total 134144K, used 10228K [0x000000076f900000, 0x0000000778600000, 0x00000007c0000000)
  eden space 123904K, 0% used [0x000000076f900000,0x000000076f900000,0x0000000777200000)
  from space 10240K, 99% used [0x0000000777c00000,0x00000007785fd2b8,0x0000000778600000)
  to   space 10240K, 0% used [0x0000000777200000,0x0000000777200000,0x0000000777c00000)
 ParOldGen       total 165376K, used 47560K [0x00000006cea00000, 0x00000006d8b80000, 0x000000076f900000)
  object space 165376K, 28% used [0x00000006cea00000,0x00000006d1872398,0x00000006d8b80000)
 Metaspace       used 9117K, capacity 9234K, committed 9472K, reserved 1058816K
  class space    used 906K, capacity 928K, committed 1024K, reserved 1048576K
}
Event: 6,392 GC heap before
{Heap before GC invocations=5 (full 0):
 PSYoungGen      total 134144K, used 134132K [0x000000076f900000, 0x0000000778600000, 0x00000007c0000000)
  eden space 123904K, 100% used [0x000000076f900000,0x0000000777200000,0x0000000777200000)
  from space 10240K, 99% used [0x0000000777c00000,0x00000007785fd2b8,0x0000000778600000)
  to   space 10240K, 0% used [0x0000000777200000,0x0000000777200000,0x0000000777c00000)
 ParOldGen       total 165376K, used 47560K [0x00000006cea00000, 0x00000006d8b80000, 0x000000076f900000)
  object space 165376K, 28% used [0x00000006cea00000,0x00000006d1872398,0x00000006d8b80000)
 Metaspace       used 14825K, capacity 15800K, committed 15872K, reserved 1062912K
  class space    used 1474K, capacity 1787K, committed 1792K, reserved 1048576K
Event: 6,490 GC heap after
Heap after GC invocations=5 (full 0):
 PSYoungGen      total 134144K, used 10239K [0x000000076f900000, 0x0000000784400000, 0x00000007c0000000)
  eden space 123904K, 0% used [0x000000076f900000,0x000000076f900000,0x0000000777200000)
  from space 10240K, 99% used [0x0000000777200000,0x0000000777bffd90,0x0000000777c00000)
  to   space 45568K, 0% used [0x0000000781780000,0x0000000781780000,0x0000000784400000)
 ParOldGen       total 165376K, used 70550K [0x00000006cea00000, 0x00000006d8b80000, 0x000000076f900000)
  object space 165376K, 42% used [0x00000006cea00000,0x00000006d2ee59b8,0x00000006d8b80000)
 Metaspace       used 14825K, capacity 15800K, committed 15872K, reserved 1062912K
  class space    used 1474K, capacity 1787K, committed 1792K, reserved 1048576K
}
Event: 7,040 GC heap before
{Heap before GC invocations=6 (full 0):
 PSYoungGen      total 134144K, used 134143K [0x000000076f900000, 0x0000000784400000, 0x00000007c0000000)
  eden space 123904K, 100% used [0x000000076f900000,0x0000000777200000,0x0000000777200000)
  from space 10240K, 99% used [0x0000000777200000,0x0000000777bffd90,0x0000000777c00000)
  to   space 45568K, 0% used [0x0000000781780000,0x0000000781780000,0x0000000784400000)
 ParOldGen       total 165376K, used 70550K [0x00000006cea00000, 0x00000006d8b80000, 0x000000076f900000)
  object space 165376K, 42% used [0x00000006cea00000,0x00000006d2ee59b8,0x00000006d8b80000)
 Metaspace       used 15191K, capacity 16184K, committed 16384K, reserved 1064960K
  class space    used 1503K, capacity 1787K, committed 1792K, reserved 1048576K
Event: 7,083 GC heap after
Heap after GC invocations=6 (full 0):
 PSYoungGen      total 288256K, used 21832K [0x000000076f900000, 0x0000000783f00000, 0x00000007c0000000)
  eden space 247808K, 0% used [0x000000076f900000,0x000000076f900000,0x000000077eb00000)
  from space 40448K, 53% used [0x0000000781780000,0x0000000782cd20f0,0x0000000783f00000)
  to   space 43008K, 0% used [0x000000077eb00000,0x000000077eb00000,0x0000000781500000)
 ParOldGen       total 165376K, used 70558K [0x00000006cea00000, 0x00000006d8b80000, 0x000000076f900000)
  object space 165376K, 42% used [0x00000006cea00000,0x00000006d2ee79b8,0x00000006d8b80000)
 Metaspace       used 15191K, capacity 16184K, committed 16384K, reserved 1064960K
  class space    used 1503K, capacity 1787K, committed 1792K, reserved 1048576K
}
Event: 7,779 GC heap before
{Heap before GC invocations=7 (full 0):
 PSYoungGen      total 288256K, used 39896K [0x000000076f900000, 0x0000000783f00000, 0x00000007c0000000)
  eden space 247808K, 7% used [0x000000076f900000,0x0000000770aa3fe0,0x000000077eb00000)
  from space 40448K, 53% used [0x0000000781780000,0x0000000782cd20f0,0x0000000783f00000)
  to   space 43008K, 0% used [0x000000077eb00000,0x000000077eb00000,0x0000000781500000)
 ParOldGen       total 165376K, used 70558K [0x00000006cea00000, 0x00000006d8b80000, 0x000000076f900000)
  object space 165376K, 42% used [0x00000006cea00000,0x00000006d2ee79b8,0x00000006d8b80000)
 Metaspace       used 19422K, capacity 21183K, committed 21296K, reserved 1069056K
  class space    used 2096K, capacity 2608K, committed 2608K, reserved 1048576K
Event: 7,837 GC heap after
Heap after GC invocations=7 (full 0):
 PSYoungGen      total 290816K, used 10589K [0x000000076f900000, 0x0000000793200000, 0x00000007c0000000)
  eden space 247808K, 0% used [0x000000076f900000,0x000000076f900000,0x000000077eb00000)
  from space 43008K, 24% used [0x000000077eb00000,0x000000077f557450,0x0000000781500000)
  to   space 43520K, 0% used [0x0000000790780000,0x0000000790780000,0x0000000793200000)
 ParOldGen       total 165376K, used 75502K [0x00000006cea00000, 0x00000006d8b80000, 0x000000076f900000)
  object space 165376K, 45% used [0x00000006cea00000,0x00000006d33bbb50,0x00000006d8b80000)
 Metaspace       used 19422K, capacity 21183K, committed 21296K, reserved 1069056K
  class space    used 2096K, capacity 2608K, committed 2608K, reserved 1048576K
}
Event: 7,837 GC heap before
{Heap before GC invocations=8 (full 1):
 PSYoungGen      total 290816K, used 10589K [0x000000076f900000, 0x0000000793200000, 0x00000007c0000000)
  eden space 247808K, 0% used [0x000000076f900000,0x000000076f900000,0x000000077eb00000)
  from space 43008K, 24% used [0x000000077eb00000,0x000000077f557450,0x0000000781500000)
  to   space 43520K, 0% used [0x0000000790780000,0x0000000790780000,0x0000000793200000)
 ParOldGen       total 165376K, used 75502K [0x00000006cea00000, 0x00000006d8b80000, 0x000000076f900000)
  object space 165376K, 45% used [0x00000006cea00000,0x00000006d33bbb50,0x00000006d8b80000)
 Metaspace       used 19422K, capacity 21183K, committed 21296K, reserved 1069056K
  class space    used 2096K, capacity 2608K, committed 2608K, reserved 1048576K
Event: 7,979 GC heap after
Heap after GC invocations=8 (full 1):
 PSYoungGen      total 290816K, used 0K [0x000000076f900000, 0x0000000793200000, 0x00000007c0000000)
  eden space 247808K, 0% used [0x000000076f900000,0x000000076f900000,0x000000077eb00000)
  from space 43008K, 0% used [0x000000077eb00000,0x000000077eb00000,0x0000000781500000)
  to   space 43520K, 0% used [0x0000000790780000,0x0000000790780000,0x0000000793200000)
 ParOldGen       total 144384K, used 33967K [0x00000006cea00000, 0x00000006d7700000, 0x000000076f900000)
  object space 144384K, 23% used [0x00000006cea00000,0x00000006d0b2bed8,0x00000006d7700000)
 Metaspace       used 19422K, capacity 21183K, committed 21296K, reserved 1069056K
  class space    used 2096K, capacity 2608K, committed 2608K, reserved 1048576K
}

